Arguments: 
  C:\Program Files\nodejs\node.exe C:\Users\徐梦瑶\AppData\Roaming\npm\node_modules\yarn\bin\yarn.js add @types/react @types/react-dom -D

PATH: 
  C:\Python27\;C:\Python27\Scripts;C:\Windows\system32;C:\Windows;C:\Windows\System32\Wbem;C:\Windows\System32\WindowsPowerShell\v1.0\;C:\Program Files (x86)\NVIDIA Corporation\PhysX\Common;C:\WINDOWS\system32;C:\WINDOWS;C:\WINDOWS\System32\Wbem;C:\WINDOWS\System32\WindowsPowerShell\v1.0\;C:\WINDOWS\System32\OpenSSH\;C:\ProgramData\chocolatey\bin;D:\Git\cmd;C:\Program Files\nodejs\;"C:\Program Files\Java\jdk1.8.0_60\bin;C:\Users\徐梦瑶\AppData\Local\Microsoft\WindowsApps";C:\Users\徐梦瑶\AppData\Local\Microsoft\WindowsApps;C:\Users\徐梦瑶\AppData\Local\Programs\Microsoft VS Code\bin;C:\Users\徐梦瑶\AppData\Roaming\npm;C:\MySql\mysql-5.7.26-winx64\bin

Yarn version: 
  1.16.0

Node version: 
  10.15.2

Platform: 
  win32 x64

Trace: 
  Error: EBUSY: resource busy or locked, copyfile 'C:\Users\徐梦瑶\AppData\Local\Yarn\Cache\v4\npm-which-module-2.0.0-d9ef07dce77b9902b8a3a8fa4b31c3e3f7e6e87a\node_modules\which-module\README.md' -> 'D:\LEsson\00 BoilerPlate\node_modules\which-module\README.md'

npm manifest: 
  {
    "name": "reactboilerplate",
    "version": "1.0.0",
    "description": "sample working with React, Typescript and Webpack",
    "main": "index.js",
    "scripts": {
      "test": "echo \"Error: no test specified\" && exit 1",
      "start": "webpack-dev-server  --mode development --inline --hot --open",
      "build": "webpack  --mode development"
    },
    "author": "",
    "license": "ISC",
    "devDependencies": {
      "awesome-typescript-loader": "^5.0.0",
      "babel-core": "^6.26.3",
      "babel-preset-env": "^1.7.0",
      "css-loader": "^0.28.11",
      "file-loader": "^1.1.11",
      "html-webpack-plugin": "^3.2.0",
      "mini-css-extract-plugin": "^0.4.0",
      "style-loader": "^0.21.0",
      "typescript": "^2.8.3",
      "url-loader": "^1.0.1",
      "webpack": "^4.8.1",
      "webpack-cli": "3.2.3",
      "webpack-dev-server": "^3.1.4"
    },
    "dependencies": {
      "bootstrap": "^4.1.1"
    }
  }

yarn manifest: 
  No manifest

Lockfile: 
  No lockfile
